Using pre-set license
Built from '2020.3/release' branch; Version is '2020.3.1f1 (77a89f25062f) revision 7841951'; Using compiler version '192528614'; Build Type 'Release'
OS: 'Windows 10 Home; OS build 19044.2965; Version 2009; 64bit' Language: 'en' Physical Memory: 16125 MB
BatchMode: 1, IsHumanControllingUs: 0, StartBugReporterOnCrash: 0, Is64bit: 1, IsPro: 0

 COMMAND LINE ARGUMENTS:
C:\Program Files\Unity\Hub\Editor\2020.3.1f1\Editor\Unity.exe
-adb2
-batchMode
-noUpm
-name
AssetImportWorker4
-projectPath
C:/Users/erin/Downloads/GVAAM
-logFile
Logs/AssetImportWorker4.log
-srvPort
56337
Successfully changed project path to: C:/Users/erin/Downloads/GVAAM
C:/Users/erin/Downloads/GVAAM
Using Asset Import Pipeline V2.
Refreshing native plugins compatible for Editor in 380.44 ms, found 8 plugins.
Preloading 1 native plugins for Editor in 10012.29 ms.
Initialize engine version: 2020.3.1f1 (77a89f25062f)
[Subsystems] Discovering subsystems at path C:/Program Files/Unity/Hub/Editor/2020.3.1f1/Editor/Data/Resources/UnitySubsystems
[Subsystems] Discovering subsystems at path C:/Users/erin/Downloads/GVAAM/Assets
GfxDevice: creating device client; threaded=0
Direct3D:
    Version:  Direct3D 11.0 [level 11.1]
    Renderer: NVIDIA GeForce RTX 3070 Laptop GPU (ID=0x249d)
    Vendor:   
    VRAM:     8033 MB
    Driver:   31.0.15.2756
Shader 'Universal Render Pipeline/Particles/Lit': fallback shader 'Universal Render Pipeline/Particles/SimpleLit' not found
Shader 'Oculus/OVRMRCameraFrameLit': fallback shader 'Alpha-Diffuse' not found
Initialize mono
Mono path[0] = 'C:/Program Files/Unity/Hub/Editor/2020.3.1f1/Editor/Data/Managed'
Mono path[1] = 'C:/Program Files/Unity/Hub/Editor/2020.3.1f1/Editor/Data/MonoBleedingEdge/lib/mono/unityjit'
Mono config path = 'C:/Program Files/Unity/Hub/Editor/2020.3.1f1/Editor/Data/MonoBleedingEdge/etc'
Using monoOptions --debugger-agent=transport=dt_socket,embedding=1,server=y,suspend=n,address=127.0.0.1:56828
Begin MonoManager ReloadAssembly
Registering precompiled unity dll's ...
Register platform support module: C:/Program Files/Unity/Hub/Editor/2020.3.1f1/Editor/Data/PlaybackEngines/WindowsStandaloneSupport/UnityEditor.WindowsStandalone.Extensions.dll
Registered in 0.003432 seconds.
Native extension for WindowsStandalone target not found
Refreshing native plugins compatible for Editor in 370.59 ms, found 8 plugins.
Preloading 1 native plugins for Editor in 0.27 ms.
Invoked RoslynAnalysisRunner static constructor.
RoslynAnalysisRunner will not be running.
RoslynAnalysisRunner has terminated.
Mono: successfully reloaded assembly
- Completed reload, in  7.411 seconds
Platform modules already initialized, skipping
Registering precompiled user dll's ...
Registered in 0.024677 seconds.
Begin MonoManager ReloadAssembly
Native extension for WindowsStandalone target not found
Refreshing native plugins compatible for Editor in 343.35 ms, found 8 plugins.
Preloading 1 native plugins for Editor in 0.25 ms.
Invoked RoslynAnalysisRunner static constructor.
RoslynAnalysisRunner will not be running.
RoslynAnalysisRunner has terminated.
[XR] OculusXRPlugin: registering subsystems
[XR] Unable to register display lifecyle provider: [1]
[XR] Oculus Input lifecycle provider registered.
[XR] Unable to register input lifecyle provider: [1]
[XR] OVRP version 1.57.0
Mono: successfully reloaded assembly
- Completed reload, in  6.097 seconds
Platform modules already initialized, skipping
========================================================================
Worker process is ready to serve import requests
Shader 'Universal Render Pipeline/Particles/Lit': fallback shader 'Universal Render Pipeline/Particles/SimpleLit' not found
Shader 'Oculus/OVRMRCameraFrameLit': fallback shader 'Alpha-Diffuse' not found
Launched and connected shader compiler UnityShaderCompiler.exe after 0.22 seconds
Refreshing native plugins compatible for Editor in 4.41 ms, found 8 plugins.
Preloading 1 native plugins for Editor in 0.15 ms.
Unloading 4315 Unused Serialized files (Serialized files now loaded: 0)
System memory in use before: 201.6 MB.
System memory in use after: 201.8 MB.

Unloading 58 unused Assets to reduce memory usage. Loaded Objects now: 4725.
Total: 10.073900 ms (FindLiveObjects: 0.660000 ms CreateObjectMapping: 0.403400 ms MarkObjects: 8.369100 ms  DeleteObjects: 0.638900 ms)

========================================================================
Received Import Request.
  path: Assets/Materials/3D Models/Badge Box/Right Badge.mat
  artifactKey: Guid(7677dc6ecfff5a9448c29cb2371cbb00) Importer(815301076,1909f56bfc062723c751e8b465ee728b)
Start importing Assets/Materials/3D Models/Badge Box/Right Badge.mat using Guid(7677dc6ecfff5a9448c29cb2371cbb00) Importer(815301076,1909f56bfc062723c751e8b465ee728b)  -> (artifact id: 'bbca68d2b87e92b56cedef7ec0652431') in 0.848047 seconds
  Import took 0.872549 seconds .

========================================================================
Received Import Request.
  Time since last request: 0.000366 seconds.
  path: Assets/Materials/3D Models/Badge Box/Heart Badge.mat
  artifactKey: Guid(2dc7d755fe2261e4588e5e9d1a74ea06) Importer(815301076,1909f56bfc062723c751e8b465ee728b)
Start importing Assets/Materials/3D Models/Badge Box/Heart Badge.mat using Guid(2dc7d755fe2261e4588e5e9d1a74ea06) Importer(815301076,1909f56bfc062723c751e8b465ee728b)  -> (artifact id: '642cafc916735f617482a3fb664b5f8f') in 0.047773 seconds
  Import took 0.062746 seconds .

========================================================================
Received Import Request.
  Time since last request: 0.000386 seconds.
  path: Assets/Materials/3D Models/Badge Box/Right Badge Final.png
  artifactKey: Guid(84fc5e4602810f541adbaaab829e4706) Importer(815301076,1909f56bfc062723c751e8b465ee728b)
Start importing Assets/Materials/3D Models/Badge Box/Right Badge Final.png using Guid(84fc5e4602810f541adbaaab829e4706) Importer(815301076,1909f56bfc062723c751e8b465ee728b)  -> (artifact id: '00a8318ca53a0ed1437fd894c3e46e9d') in 0.221910 seconds
  Import took 0.239731 seconds .

========================================================================
Received Import Request.
  Time since last request: 0.000711 seconds.
  path: Assets/Materials/3D Models/Badge Box/Wrong Badge.mat
  artifactKey: Guid(072c5d15594342d40807d11577533183) Importer(815301076,1909f56bfc062723c751e8b465ee728b)
Start importing Assets/Materials/3D Models/Badge Box/Wrong Badge.mat using Guid(072c5d15594342d40807d11577533183) Importer(815301076,1909f56bfc062723c751e8b465ee728b)  -> (artifact id: 'c7d40ffd6bba7d6481109775ddd57b37') in 0.033066 seconds
  Import took 0.062326 seconds .

========================================================================
Received Import Request.
  Time since last request: 0.000768 seconds.
  path: Assets/Materials/3D Models/Badge Box/heart.jpg
  artifactKey: Guid(09f21f5240ec2314291c7baecf67ffdf) Importer(815301076,1909f56bfc062723c751e8b465ee728b)
Start importing Assets/Materials/3D Models/Badge Box/heart.jpg using Guid(09f21f5240ec2314291c7baecf67ffdf) Importer(815301076,1909f56bfc062723c751e8b465ee728b)  -> (artifact id: 'f1353f0df661c243da3a77d248df0162') in 0.032412 seconds
  Import took 0.057900 seconds .

========================================================================
Received Import Request.
  Time since last request: 0.000663 seconds.
  path: Assets/Materials/3D Models/Badge Box/Wrong Badge Final.png
  artifactKey: Guid(f206f0192df7b6f4c9058a2e23439ff6) Importer(815301076,1909f56bfc062723c751e8b465ee728b)
Start importing Assets/Materials/3D Models/Badge Box/Wrong Badge Final.png using Guid(f206f0192df7b6f4c9058a2e23439ff6) Importer(815301076,1909f56bfc062723c751e8b465ee728b)  -> (artifact id: 'cf858c3c68d2b2bf15c0649746db4702') in 0.030579 seconds
  Import took 0.054032 seconds .

========================================================================
Received Import Request.
  Time since last request: 355.730121 seconds.
  path: Assets/Materials/Pages/USC BoH/InnerBack.mat
  artifactKey: Guid(b5129965f28034a44a944654ba895ab5) Importer(815301076,1909f56bfc062723c751e8b465ee728b)
Start importing Assets/Materials/Pages/USC BoH/InnerBack.mat using Guid(b5129965f28034a44a944654ba895ab5) Importer(815301076,1909f56bfc062723c751e8b465ee728b)  -> (artifact id: 'c22a38932a72164da8fceda7957aeadd') in 0.043949 seconds
  Import took 0.075147 seconds .

AssetImportWorkerClient::OnTransportError - code=2 error=End of file
